#
# There is insufficient memory for the Java Runtime Environment to continue.
# Native memory allocation (mmap) failed to map 67108864 bytes for G1 virtual space
# Possible reasons:
#   The system is out of physical RAM or swap space
#   The process is running with CompressedOops enabled, and the Java Heap may be blocking the growth of the native heap
# Possible solutions:
#   Reduce memory load on the system
#   Increase physical memory or swap space
#   Check if swap backing store is full
#   Decrease Java heap size (-Xmx/-Xms)
#   Decrease number of Java threads
#   Decrease Java thread stack sizes (-Xss)
#   Set larger code cache with -XX:ReservedCodeCacheSize=
#   JVM is running with Unscaled Compressed Oops mode in which the Java heap is
#     placed in the first 4GB address space. The Java Heap base address is the
#     maximum limit for the native heap growth. Please use -XX:HeapBaseMinAddress
#     to set the Java Heap base and to place the Java Heap above 4GB virtual address.
# This output file may be truncated or incomplete.
#
#  Out of Memory Error (./open/src/hotspot/os/windows/os_windows.cpp:3321), pid=2400, tid=10964
#
# JRE version:  (15.0.2+7) (build )
# Java VM: Java HotSpot(TM) 64-Bit Server VM (15.0.2+7-27, mixed mode, sharing, tiered, compressed oops, g1 gc, windows-amd64)
# No core dump will be written. Minidumps are not enabled by default on client versions of Windows
#

---------------  S U M M A R Y ------------

Command Line: -Dfile.encoding=UTF-8 -XX:+ShowCodeDetailsInExceptionMessages giaodien.giaodienchinh

Host: Intel(R) Core(TM) i3-2330M CPU @ 2.20GHz, 4 cores, 3G,  Windows 10 , 64 bit Build 19041 (10.0.19041.804)
Time: Sat May  8 00:13:44 2021 SE Asia Standard Time elapsed time: 0.064155 seconds (0d 0h 0m 0s)

---------------  T H R E A D  ---------------

Current thread (0x0000020e02c22120):  JavaThread "Unknown thread" [_thread_in_vm, id=10964, stack(0x0000001ec7400000,0x0000001ec7500000)]

Stack: [0x0000001ec7400000,0x0000001ec7500000]
Native frames: (J=compiled Java code, j=interpreted, Vv=VM code, C=native code)
V  [jvm.dll+0x62ae9a]
V  [jvm.dll+0x7817a9]
V  [jvm.dll+0x782f03]
V  [jvm.dll+0x783563]
V  [jvm.dll+0x216325]
V  [jvm.dll+0x6281d9]
V  [jvm.dll+0x61cf55]
V  [jvm.dll+0x2cffdd]
V  [jvm.dll+0x2cfe42]
V  [jvm.dll+0x2d5e1c]
V  [jvm.dll+0x32590a]
V  [jvm.dll+0x324fd4]
V  [jvm.dll+0x2a6f5a]
V  [jvm.dll+0x2a80f8]
V  [jvm.dll+0x75e241]
V  [jvm.dll+0x3341c4]
V  [jvm.dll+0x73e926]
V  [jvm.dll+0x3b7557]
V  [jvm.dll+0x3b8fe1]
C  [jli.dll+0x52fb]
C  [ucrtbase.dll+0x21bb2]
C  [KERNEL32.DLL+0x17034]
C  [ntdll.dll+0x52651]


---------------  P R O C E S S  ---------------

Threads class SMR info:
_java_thread_list=0x00007ffdf7bb4ff0, length=0, elements={
}

Java Threads: ( => current thread )

Other Threads:
  0x0000020e02c4c360 GCTaskThread "GC Thread#0" [stack: 0x0000001ec7500000,0x0000001ec7600000] [id=1848]
  0x0000020e02c74a50 ConcurrentGCThread "G1 Main Marker" [stack: 0x0000001ec7600000,0x0000001ec7700000] [id=12820]
  0x0000020e02c75640 ConcurrentGCThread "G1 Conc#0" [stack: 0x0000001ec7700000,0x0000001ec7800000] [id=9188]

[error occurred during error reporting (printing all threads), id 0xc0000005, EXCEPTION_ACCESS_VIOLATION (0xc0000005) at pc=0x00007ffdf73a7e27]

VM state: not at safepoint (not fully initialized)

VM Mutex/Monitor currently owned by a thread:  ([mutex/lock_event])
[0x0000020e02c1ee40] Heap_lock - owner thread: 0x0000020e02c22120

Heap address: 0x00000000c1600000, size: 1002 MB, Compressed Oops mode: 32-bit
CDS archive(s) mapped at: [0x0000000000000000-0x0000000000000000-0x0000000000000000), size 0, SharedBaseAddress: 0x0000000800000000, ArchiveRelocationMode: 0.
Narrow klass base: 0x0000000000000000, Narrow klass shift: 0, Narrow klass range: 0x0

Heap:
 garbage-first heap   total 65536K, used 0K [0x00000000c1600000, 0x0000000100000000)
  region size 1024K, 0 young (0K), 0 survivors (0K)
 Metaspace       used 0K, capacity 0K, committed 0K, reserved 0K
  class space    used 0K, capacity 0K, committed 0K, reserved 0K

Heap Regions: E=young(eden), S=young(survivor), O=old, HS=humongous(starts), HC=humongous(continues), CS=collection set, F=free, OA=open archive, CA=closed archive, TAMS=top-at-mark-start (previous, next)

Card table byte_map: [0x0000020e1be60000,0x0000020e1c060000] _byte_map_base: 0x0000020e1b855000

Marking Bits (Prev, Next): (CMBitMap*) 0x0000020e02c4db60, (CMBitMap*) 0x0000020e02c4dba0
 Prev Bits: [0x0000020e1c260000, 0x0000020e1d208000)
 Next Bits: [0x0000020e1d210000, 0x0000020e1e1b8000)

GC Heap History (0 events):
No events

Deoptimization events (0 events):
No events

Classes unloaded (0 events):
No events

Classes redefined (0 events):
No events

Internal exceptions (0 events):
No events

Events (1 events):
Event: 0.038 Loaded shared library C:\Program Files\Java\jdk-15.0.2\bin\java.dll


Dynamic libraries:
0x00007ff748690000 - 0x00007ff74869f000 	C:\Program Files\Java\jdk-15.0.2\bin\javaw.exe
0x00007ffe26a10000 - 0x00007ffe26c05000 	C:\Windows\SYSTEM32\ntdll.dll
0x00007ffe24f70000 - 0x00007ffe2502d000 	C:\Windows\System32\KERNEL32.DLL
0x00007ffe244c0000 - 0x00007ffe24789000 	C:\Windows\System32\KERNELBASE.dll
0x00007ffe24180000 - 0x00007ffe24280000 	C:\Windows\System32\ucrtbase.dll
0x00007ffe1ddc0000 - 0x00007ffe1ddd9000 	C:\Program Files\Java\jdk-15.0.2\bin\VCRUNTIME140.dll
0x00007ffe1de90000 - 0x00007ffe1dea8000 	C:\Program Files\Java\jdk-15.0.2\bin\jli.dll
0x00007ffe24cf0000 - 0x00007ffe24d9c000 	C:\Windows\System32\ADVAPI32.dll
0x00007ffe258e0000 - 0x00007ffe2597e000 	C:\Windows\System32\msvcrt.dll
0x00007ffe25030000 - 0x00007ffe250cc000 	C:\Windows\System32\sechost.dll
0x00007ffe25b20000 - 0x00007ffe25c4b000 	C:\Windows\System32\RPCRT4.dll
0x00007ffe24dd0000 - 0x00007ffe24f70000 	C:\Windows\System32\USER32.dll
0x00007ffe247e0000 - 0x00007ffe24802000 	C:\Windows\System32\win32u.dll
0x00007ffe25cb0000 - 0x00007ffe25cda000 	C:\Windows\System32\GDI32.dll
0x00007ffe24810000 - 0x00007ffe2491b000 	C:\Windows\System32\gdi32full.dll
0x00007ffe249d0000 - 0x00007ffe24a6d000 	C:\Windows\System32\msvcp_win.dll
0x00007ffe101b0000 - 0x00007ffe1044a000 	C:\Windows\WinSxS\amd64_microsoft.windows.common-controls_6595b64144ccf1df_6.0.19041.844_none_ca00b6081b84eb1d\COMCTL32.dll
0x00007ffe158b0000 - 0x00007ffe158ba000 	C:\Windows\SYSTEM32\VERSION.dll
0x00007ffe24da0000 - 0x00007ffe24dd0000 	C:\Windows\System32\IMM32.DLL
0x00007ffe1dec0000 - 0x00007ffe1decc000 	C:\Program Files\Java\jdk-15.0.2\bin\vcruntime140_1.dll
0x00007ffe12110000 - 0x00007ffe121a1000 	C:\Program Files\Java\jdk-15.0.2\bin\msvcp140.dll
0x00007ffdf70f0000 - 0x00007ffdf7c4e000 	C:\Program Files\Java\jdk-15.0.2\bin\server\jvm.dll
0x00007ffe26440000 - 0x00007ffe26448000 	C:\Windows\System32\PSAPI.DLL
0x00007ffe1ddb0000 - 0x00007ffe1ddb9000 	C:\Windows\SYSTEM32\WSOCK32.dll
0x00007ffe26130000 - 0x00007ffe2619b000 	C:\Windows\System32\WS2_32.dll
0x00007ffe1df50000 - 0x00007ffe1df77000 	C:\Windows\SYSTEM32\WINMM.dll
0x00007ffe220b0000 - 0x00007ffe220c2000 	C:\Windows\SYSTEM32\kernel.appcore.dll
0x00007ffe1dda0000 - 0x00007ffe1ddaa000 	C:\Program Files\Java\jdk-15.0.2\bin\jimage.dll
0x00007ffe137c0000 - 0x00007ffe139a4000 	C:\Windows\SYSTEM32\DBGHELP.DLL
0x00007ffe13730000 - 0x00007ffe1375c000 	C:\Windows\SYSTEM32\dbgcore.DLL
0x00007ffe24440000 - 0x00007ffe244c0000 	C:\Windows\System32\bcryptPrimitives.dll
0x00007ffe1d070000 - 0x00007ffe1d095000 	C:\Program Files\Java\jdk-15.0.2\bin\java.dll

dbghelp: loaded successfully - version: 4.0.5 - missing functions: none
symbol engine: initialized successfully - sym options: 0x614 - pdb path: .;C:\Program Files\Java\jdk-15.0.2\bin;C:\Windows\SYSTEM32;C:\Windows\WinSxS\amd64_microsoft.windows.common-controls_6595b64144ccf1df_6.0.19041.844_none_ca00b6081b84eb1d;C:\Program Files\Java\jdk-15.0.2\bin\server

VM Arguments:
jvm_args: -Dfile.encoding=UTF-8 -XX:+ShowCodeDetailsInExceptionMessages 
java_command: giaodien.giaodienchinh
java_class_path (initial): D:\file\giaodien\bin;D:\file\giaodien\lib\mysql-connector-java-5.1.48-bin.jar;D:\file\giaodien\lib\jdatepicker-1.3.2.jar;D:\file\giaodien\lib\KGradientPanel.jar
Launcher Type: SUN_STANDARD

[Global flags]
     intx CICompilerCount                          = 3                                         {product} {ergonomic}
     uint ConcGCThreads                            = 1                                         {product} {ergonomic}
     uint G1ConcRefinementThreads                  = 4                                         {product} {ergonomic}
   size_t G1HeapRegionSize                         = 1048576                                   {product} {ergonomic}
    uintx GCDrainStackTargetSize                   = 64                                        {product} {ergonomic}
   size_t InitialHeapSize                          = 67108864                                  {product} {ergonomic}
   size_t MarkStackSize                            = 4194304                                   {product} {ergonomic}
   size_t MaxHeapSize                              = 1050673152                                {product} {ergonomic}
   size_t MinHeapDeltaBytes                        = 1048576                                   {product} {ergonomic}
   size_t MinHeapSize                              = 8388608                                   {product} {ergonomic}
    uintx NonNMethodCodeHeapSize                   = 5832780                                {pd product} {ergonomic}
    uintx NonProfiledCodeHeapSize                  = 122912730                              {pd product} {ergonomic}
    uintx ProfiledCodeHeapSize                     = 122912730                              {pd product} {ergonomic}
    uintx ReservedCodeCacheSize                    = 251658240                              {pd product} {ergonomic}
     bool SegmentedCodeCache                       = true                                      {product} {ergonomic}
     bool ShowCodeDetailsInExceptionMessages       = true                                   {manageable} {command line}
   size_t SoftMaxHeapSize                          = 1050673152                             {manageable} {ergonomic}
     bool UseCompressedClassPointers               = true                                 {lp64_product} {ergonomic}
     bool UseCompressedOops                        = true                                 {lp64_product} {ergonomic}
     bool UseG1GC                                  = true                                      {product} {ergonomic}
     bool UseLargePagesIndividualAllocation        = false                                  {pd product} {ergonomic}

Logging:
Log output configuration:
 #0: stdout all=warning uptime,level,tags
 #1: stderr all=off uptime,level,tags

Environment Variables:
PATH=C:\Program Files\Common Files\Oracle\Java\javapath;C:\Windows\system32;C:\Windows;C:\Windows\System32\Wbem;C:\Windows\System32\WindowsPowerShell\v1.0\;C:\Windows\System32\OpenSSH\;C:\Program Files\Git\cmd;C:\Users\kubar\AppData\Local\Microsoft\WindowsApps;C:\Users\kubar\AppData\Local\GitHubDesktop\bin
USERNAME=kubar
OS=Windows_NT
PROCESSOR_IDENTIFIER=Intel64 Family 6 Model 42 Stepping 7, GenuineIntel



---------------  S Y S T E M  ---------------

OS:
 Windows 10 , 64 bit Build 19041 (10.0.19041.804)
OS uptime: 4 days 4:08 hours

CPU: total 4 (initial active 4) (2 cores per cpu, 2 threads per core) family 6 model 42 stepping 7 microcode 0x2f, cmov, cx8, fxsr, mmx, sse, sse2, sse3, ssse3, sse4.1, sse4.2, popcnt, vzeroupper, avx, clmul, ht, tsc, tscinvbit, clflush

Memory: 4k page, system-wide physical 4004M (221M free)
TotalPageFile size 13312M (AvailPageFile size 19M)
current process WorkingSet (physical memory assigned to process): 9M, peak: 9M
current process commit charge ("private bytes"): 51M, peak: 115M

vm_info: Java HotSpot(TM) 64-Bit Server VM (15.0.2+7-27) for windows-amd64 JRE (15.0.2+7-27), built on Dec  7 2020 20:07:01 by "mach5one" with unknown MS VC++:1925

END.
